<?xml version="1.0" encoding="UTF-8" ?>
<testsuite failures="0" time="6.611" errors="0" skipped="0" tests="4" name="TestSuite">
  <properties>
    <property name="java.runtime.name" value="Java(TM) SE Runtime Environment"/>
    <property name="sun.boot.library.path" value="/System/Library/Frameworks/JavaVM.framework/Versions/1.6.0/Libraries"/>
    <property name="java.vm.version" value="14.3-b01-101"/>
    <property name="awt.nativeDoubleBuffering" value="true"/>
    <property name="gopherProxySet" value="false"/>
    <property name="java.vm.vendor" value="Apple Inc."/>
    <property name="java.vendor.url" value="http://www.apple.com/"/>
    <property name="path.separator" value=":"/>
    <property name="java.vm.name" value="Java HotSpot(TM) 64-Bit Server VM"/>
    <property name="file.encoding.pkg" value="sun.io"/>
    <property name="user.country" value="US"/>
    <property name="sun.java.launcher" value="SUN_STANDARD"/>
    <property name="sun.os.patch.level" value="unknown"/>
    <property name="java.vm.specification.name" value="Java Virtual Machine Specification"/>
    <property name="user.dir" value="/Users/mschneider/Documents/workspace/bbstats-backend"/>
    <property name="java.runtime.version" value="1.6.0_17-b04-248"/>
    <property name="java.awt.graphicsenv" value="apple.awt.CGraphicsEnvironment"/>
    <property name="basedir" value="/Users/mschneider/Documents/workspace/bbstats-backend"/>
    <property name="java.endorsed.dirs" value="/System/Library/Frameworks/JavaVM.framework/Versions/1.6.0/Home/lib/endorsed"/>
    <property name="os.arch" value="x86_64"/>
    <property name="surefire.real.class.path" value="/Users/mschneider/Documents/workspace/bbstats-backend/target/surefire/surefirebooter3233853397806813690.jar"/>
    <property name="java.io.tmpdir" value="/var/folders/8Y/8Y5QflrsEBCKEYcmJbJevU+++TI/-Tmp-/"/>
    <property name="line.separator" value="
"/>
    <property name="java.vm.specification.vendor" value="Sun Microsystems Inc."/>
    <property name="os.name" value="Mac OS X"/>
    <property name="sun.jnu.encoding" value="MacRoman"/>
    <property name="java.library.path" value=".:/Library/Java/Extensions:/System/Library/Java/Extensions:/usr/lib/java"/>
    <property name="surefire.test.class.path" value="/Users/mschneider/Documents/workspace/bbstats-backend/target/test-classes:/Users/mschneider/Documents/workspace/bbstats-backend/target/classes:/Users/mschneider/.m2/repository/org/testng/testng/6.1.1/testng-6.1.1.jar:/Users/mschneider/.m2/repository/junit/junit/3.8.1/junit-3.8.1.jar:/Users/mschneider/.m2/repository/org/beanshell/bsh/2.0b4/bsh-2.0b4.jar:/Users/mschneider/.m2/repository/com/beust/jcommander/1.12/jcommander-1.12.jar:/Users/mschneider/.m2/repository/org/yaml/snakeyaml/1.6/snakeyaml-1.6.jar:/Users/mschneider/.m2/repository/org/hibernate/hibernate-core/3.6.7.Final/hibernate-core-3.6.7.Final.jar:/Users/mschneider/.m2/repository/antlr/antlr/2.7.6/antlr-2.7.6.jar:/Users/mschneider/.m2/repository/commons-collections/commons-collections/3.1/commons-collections-3.1.jar:/Users/mschneider/.m2/repository/dom4j/dom4j/1.6.1/dom4j-1.6.1.jar:/Users/mschneider/.m2/repository/org/hibernate/hibernate-commons-annotations/3.2.0.Final/hibernate-commons-annotations-3.2.0.Final.jar:/Users/mschneider/.m2/repository/org/hibernate/javax/persistence/hibernate-jpa-2.0-api/1.0.1.Final/hibernate-jpa-2.0-api-1.0.1.Final.jar:/Users/mschneider/.m2/repository/javax/transaction/jta/1.1/jta-1.1.jar:/Users/mschneider/.m2/repository/org/slf4j/slf4j-api/1.6.1/slf4j-api-1.6.1.jar:/Users/mschneider/.m2/repository/commons-logging/commons-logging/1.1.1/commons-logging-1.1.1.jar:/Users/mschneider/.m2/repository/com/googlecode/genericdao/dao/1.0.0/dao-1.0.0.jar:/Users/mschneider/.m2/repository/com/googlecode/genericdao/search/1.0.0/search-1.0.0.jar:/Users/mschneider/.m2/repository/javax/persistence/persistence-api/1.0/persistence-api-1.0.jar:/Users/mschneider/.m2/repository/javassist/javassist/3.12.1.GA/javassist-3.12.1.GA.jar:/Users/mschneider/.m2/repository/org/springframework/spring-core/3.0.6.RELEASE/spring-core-3.0.6.RELEASE.jar:/Users/mschneider/.m2/repository/org/springframework/spring-asm/3.0.6.RELEASE/spring-asm-3.0.6.RELEASE.jar:/Users/mschneider/.m2/repository/org/springframework/spring-test/3.0.6.RELEASE/spring-test-3.0.6.RELEASE.jar:/Users/mschneider/.m2/repository/org/springframework/spring-context/3.0.6.RELEASE/spring-context-3.0.6.RELEASE.jar:/Users/mschneider/.m2/repository/org/springframework/spring-aop/3.0.6.RELEASE/spring-aop-3.0.6.RELEASE.jar:/Users/mschneider/.m2/repository/aopalliance/aopalliance/1.0/aopalliance-1.0.jar:/Users/mschneider/.m2/repository/org/springframework/spring-beans/3.0.6.RELEASE/spring-beans-3.0.6.RELEASE.jar:/Users/mschneider/.m2/repository/org/springframework/spring-expression/3.0.6.RELEASE/spring-expression-3.0.6.RELEASE.jar:/Users/mschneider/.m2/repository/org/springframework/spring-orm/3.0.6.RELEASE/spring-orm-3.0.6.RELEASE.jar:/Users/mschneider/.m2/repository/org/springframework/spring-jdbc/3.0.6.RELEASE/spring-jdbc-3.0.6.RELEASE.jar:/Users/mschneider/.m2/repository/org/springframework/spring-tx/3.0.6.RELEASE/spring-tx-3.0.6.RELEASE.jar:/Users/mschneider/.m2/repository/org/apache/openejb/commons-dbcp-all/1.3-r699049/commons-dbcp-all-1.3-r699049.jar:/Users/mschneider/.m2/repository/org/hibernate/hibernate-entitymanager/3.6.7.Final/hibernate-entitymanager-3.6.7.Final.jar:/Users/mschneider/.m2/repository/cglib/cglib/2.2/cglib-2.2.jar:/Users/mschneider/.m2/repository/asm/asm/3.1/asm-3.1.jar:/Users/mschneider/.m2/repository/com/googlecode/genericdao/search-jpa-hibernate/1.0.0/search-jpa-hibernate-1.0.0.jar:/Users/mschneider/.m2/repository/com/googlecode/genericdao/search-hibernate/1.0.0/search-hibernate-1.0.0.jar:/Users/mschneider/.m2/repository/com/h2database/h2/1.3.160/h2-1.3.160.jar:/Users/mschneider/.m2/repository/net/sf/dozer/dozer/5.3.2/dozer-5.3.2.jar:/Users/mschneider/.m2/repository/commons-beanutils/commons-beanutils/1.8.3/commons-beanutils-1.8.3.jar:/Users/mschneider/.m2/repository/commons-lang/commons-lang/2.5/commons-lang-2.5.jar:/Users/mschneider/.m2/repository/org/apache/poi/poi/3.8-beta4/poi-3.8-beta4.jar:/Users/mschneider/.m2/repository/commons-codec/commons-codec/1.5/commons-codec-1.5.jar:"/>
    <property name="java.specification.name" value="Java Platform API Specification"/>
    <property name="java.class.version" value="50.0"/>
    <property name="sun.management.compiler" value="HotSpot 64-Bit Server Compiler"/>
    <property name="os.version" value="10.6.8"/>
    <property name="http.nonProxyHosts" value="local|*.local|169.254/16|*.169.254/16"/>
    <property name="user.home" value="/Users/mschneider"/>
    <property name="user.timezone" value="Europe/Vienna"/>
    <property name="java.awt.printerjob" value="apple.awt.CPrinterJob"/>
    <property name="java.specification.version" value="1.6"/>
    <property name="file.encoding" value="MacRoman"/>
    <property name="user.name" value="mschneider"/>
    <property name="java.class.path" value="/Users/mschneider/Documents/workspace/bbstats-backend/target/test-classes:/Users/mschneider/Documents/workspace/bbstats-backend/target/classes:/Users/mschneider/.m2/repository/org/testng/testng/6.1.1/testng-6.1.1.jar:/Users/mschneider/.m2/repository/junit/junit/3.8.1/junit-3.8.1.jar:/Users/mschneider/.m2/repository/org/beanshell/bsh/2.0b4/bsh-2.0b4.jar:/Users/mschneider/.m2/repository/com/beust/jcommander/1.12/jcommander-1.12.jar:/Users/mschneider/.m2/repository/org/yaml/snakeyaml/1.6/snakeyaml-1.6.jar:/Users/mschneider/.m2/repository/org/hibernate/hibernate-core/3.6.7.Final/hibernate-core-3.6.7.Final.jar:/Users/mschneider/.m2/repository/antlr/antlr/2.7.6/antlr-2.7.6.jar:/Users/mschneider/.m2/repository/commons-collections/commons-collections/3.1/commons-collections-3.1.jar:/Users/mschneider/.m2/repository/dom4j/dom4j/1.6.1/dom4j-1.6.1.jar:/Users/mschneider/.m2/repository/org/hibernate/hibernate-commons-annotations/3.2.0.Final/hibernate-commons-annotations-3.2.0.Final.jar:/Users/mschneider/.m2/repository/org/hibernate/javax/persistence/hibernate-jpa-2.0-api/1.0.1.Final/hibernate-jpa-2.0-api-1.0.1.Final.jar:/Users/mschneider/.m2/repository/javax/transaction/jta/1.1/jta-1.1.jar:/Users/mschneider/.m2/repository/org/slf4j/slf4j-api/1.6.1/slf4j-api-1.6.1.jar:/Users/mschneider/.m2/repository/commons-logging/commons-logging/1.1.1/commons-logging-1.1.1.jar:/Users/mschneider/.m2/repository/com/googlecode/genericdao/dao/1.0.0/dao-1.0.0.jar:/Users/mschneider/.m2/repository/com/googlecode/genericdao/search/1.0.0/search-1.0.0.jar:/Users/mschneider/.m2/repository/javax/persistence/persistence-api/1.0/persistence-api-1.0.jar:/Users/mschneider/.m2/repository/javassist/javassist/3.12.1.GA/javassist-3.12.1.GA.jar:/Users/mschneider/.m2/repository/org/springframework/spring-core/3.0.6.RELEASE/spring-core-3.0.6.RELEASE.jar:/Users/mschneider/.m2/repository/org/springframework/spring-asm/3.0.6.RELEASE/spring-asm-3.0.6.RELEASE.jar:/Users/mschneider/.m2/repository/org/springframework/spring-test/3.0.6.RELEASE/spring-test-3.0.6.RELEASE.jar:/Users/mschneider/.m2/repository/org/springframework/spring-context/3.0.6.RELEASE/spring-context-3.0.6.RELEASE.jar:/Users/mschneider/.m2/repository/org/springframework/spring-aop/3.0.6.RELEASE/spring-aop-3.0.6.RELEASE.jar:/Users/mschneider/.m2/repository/aopalliance/aopalliance/1.0/aopalliance-1.0.jar:/Users/mschneider/.m2/repository/org/springframework/spring-beans/3.0.6.RELEASE/spring-beans-3.0.6.RELEASE.jar:/Users/mschneider/.m2/repository/org/springframework/spring-expression/3.0.6.RELEASE/spring-expression-3.0.6.RELEASE.jar:/Users/mschneider/.m2/repository/org/springframework/spring-orm/3.0.6.RELEASE/spring-orm-3.0.6.RELEASE.jar:/Users/mschneider/.m2/repository/org/springframework/spring-jdbc/3.0.6.RELEASE/spring-jdbc-3.0.6.RELEASE.jar:/Users/mschneider/.m2/repository/org/springframework/spring-tx/3.0.6.RELEASE/spring-tx-3.0.6.RELEASE.jar:/Users/mschneider/.m2/repository/org/apache/openejb/commons-dbcp-all/1.3-r699049/commons-dbcp-all-1.3-r699049.jar:/Users/mschneider/.m2/repository/org/hibernate/hibernate-entitymanager/3.6.7.Final/hibernate-entitymanager-3.6.7.Final.jar:/Users/mschneider/.m2/repository/cglib/cglib/2.2/cglib-2.2.jar:/Users/mschneider/.m2/repository/asm/asm/3.1/asm-3.1.jar:/Users/mschneider/.m2/repository/com/googlecode/genericdao/search-jpa-hibernate/1.0.0/search-jpa-hibernate-1.0.0.jar:/Users/mschneider/.m2/repository/com/googlecode/genericdao/search-hibernate/1.0.0/search-hibernate-1.0.0.jar:/Users/mschneider/.m2/repository/com/h2database/h2/1.3.160/h2-1.3.160.jar:/Users/mschneider/.m2/repository/net/sf/dozer/dozer/5.3.2/dozer-5.3.2.jar:/Users/mschneider/.m2/repository/commons-beanutils/commons-beanutils/1.8.3/commons-beanutils-1.8.3.jar:/Users/mschneider/.m2/repository/commons-lang/commons-lang/2.5/commons-lang-2.5.jar:/Users/mschneider/.m2/repository/org/apache/poi/poi/3.8-beta4/poi-3.8-beta4.jar:/Users/mschneider/.m2/repository/commons-codec/commons-codec/1.5/commons-codec-1.5.jar:"/>
    <property name="java.vm.specification.version" value="1.0"/>
    <property name="sun.arch.data.model" value="64"/>
    <property name="java.home" value="/System/Library/Frameworks/JavaVM.framework/Versions/1.6.0/Home"/>
    <property name="java.specification.vendor" value="Sun Microsystems Inc."/>
    <property name="user.language" value="en"/>
    <property name="awt.toolkit" value="apple.awt.CToolkit"/>
    <property name="java.vm.info" value="mixed mode"/>
    <property name="java.version" value="1.6.0_17"/>
    <property name="java.ext.dirs" value="/Library/Java/Extensions:/System/Library/Java/Extensions:/System/Library/Frameworks/JavaVM.framework/Versions/1.6.0/Home/lib/ext"/>
    <property name="sun.boot.class.path" value="/System/Library/Frameworks/JavaVM.framework/Versions/1.6.0/Classes/jsfd.jar:/System/Library/Frameworks/JavaVM.framework/Versions/1.6.0/Classes/classes.jar:/System/Library/Frameworks/JavaVM.framework/Frameworks/JavaRuntimeSupport.framework/Resources/Java/JavaRuntimeSupport.jar:/System/Library/Frameworks/JavaVM.framework/Versions/1.6.0/Classes/ui.jar:/System/Library/Frameworks/JavaVM.framework/Versions/1.6.0/Classes/laf.jar:/System/Library/Frameworks/JavaVM.framework/Versions/1.6.0/Classes/sunrsasign.jar:/System/Library/Frameworks/JavaVM.framework/Versions/1.6.0/Classes/jsse.jar:/System/Library/Frameworks/JavaVM.framework/Versions/1.6.0/Classes/jce.jar:/System/Library/Frameworks/JavaVM.framework/Versions/1.6.0/Classes/charsets.jar"/>
    <property name="java.vendor" value="Apple Inc."/>
    <property name="localRepository" value="/Users/mschneider/.m2/repository"/>
    <property name="file.separator" value="/"/>
    <property name="java.vendor.url.bug" value="http://bugreport.apple.com/"/>
    <property name="sun.cpu.endian" value="little"/>
    <property name="sun.io.unicode.encoding" value="UnicodeLittle"/>
    <property name="mrj.version" value="1060.1.6.0_17-248"/>
    <property name="socksNonProxyHosts" value="local|*.local|169.254/16|*.169.254/16"/>
    <property name="ftp.nonProxyHosts" value="local|*.local|169.254/16|*.169.254/16"/>
    <property name="sun.cpu.isalist" value=""/>
  </properties>
  <testcase time="0.386" classname="at.basketballsalzburg.bbstats.AgeGroupServiceTest" name="addAgeGroup"/>
  <testcase time="0.06" classname="at.basketballsalzburg.bbstats.CoachServiceTest" name="addCoach"/>
  <testcase time="0.056" classname="at.basketballsalzburg.bbstats.CoachServiceTest" name="editCoach"/>
  <testcase time="0.092" classname="at.basketballsalzburg.bbstats.GymServiceTest" name="addGym"/>
</testsuite>