<?xml version="1.0" encoding="UTF-8"?>
<!-- Generated by org.testng.reporters.JUnitReportReporter -->
<testsuite hostname="Martin-Schneiders-MacBook-Air.local" name="at.basketballsalzburg.bbstats.GymServiceTest" tests="1" failures="0" timestamp="2 Oct 2011 06:24:24 GMT" time="7.886" errors="0">
  <testcase name="addGym" time="7.886" classname="at.basketballsalzburg.bbstats.GymServiceTest"/>
</testsuite>
