<?xml version="1.0" encoding="UTF-8"?>
<!-- Generated by org.testng.reporters.JUnitReportReporter -->
<testsuite hostname="Martin-Schneiders-MacBook-Air.local" name="at.basketballsalzburg.bbstats.CoachServiceTest" tests="2" failures="0" timestamp="1 Oct 2011 20:49:04 GMT" time="3.187" errors="0">
  <testcase name="editCoach" time="2.870" classname="at.basketballsalzburg.bbstats.CoachServiceTest"/>
  <testcase name="addCoach" time="0.317" classname="at.basketballsalzburg.bbstats.CoachServiceTest"/>
</testsuite>
