<?xml version="1.0" encoding="UTF-8"?>
<!-- Generated by org.testng.reporters.JUnitReportReporter -->
<testsuite hostname="Martin-Schneiders-MacBook-Air.local" name="at.basketballsalzburg.CoachTest" tests="1" failures="0" timestamp="30 Sep 2011 15:29:37 GMT" time="3.115" errors="0">
  <testcase name="addCoach" time="3.115" classname="at.basketballsalzburg.CoachTest"/>
</testsuite>
