<?xml version="1.0" encoding="UTF-8"?>
<!-- Generated by org.testng.reporters.JUnitReportReporter -->
<testsuite hostname="Martin-Schneiders-MacBook-Air.local" name="at.basketballsalzburg.CoachServiceTest" tests="1" failures="0" timestamp="1 Oct 2011 09:55:34 GMT" time="3.133" errors="0">
  <testcase name="addCoach" time="3.133" classname="at.basketballsalzburg.CoachServiceTest"/>
</testsuite>
