<?xml version="1.0" encoding="UTF-8"?>
<!-- Generated by org.testng.reporters.JUnitReportReporter -->
<testsuite hostname="Martin-Schneiders-MacBook-Air.local" name="at.basketballsalzburg.bbstats.GymServiceTest" tests="1" failures="0" timestamp="10 Dec 2011 14:13:37 GMT" time="0.092" errors="0">
  <testcase name="addGym" time="0.092" classname="at.basketballsalzburg.bbstats.GymServiceTest"/>
</testsuite>
