<?xml version="1.0" encoding="UTF-8"?>
<!-- Generated by org.testng.reporters.JUnitReportReporter -->
<testsuite hostname="Martin-Schneiders-MacBook-Air.local" name="at.basketballsalzburg.bbstats.CoachServiceTest" tests="2" failures="0" timestamp="10 Dec 2011 14:13:37 GMT" time="0.116" errors="0">
  <testcase name="editCoach" time="0.056" classname="at.basketballsalzburg.bbstats.CoachServiceTest"/>
  <testcase name="addCoach" time="0.060" classname="at.basketballsalzburg.bbstats.CoachServiceTest"/>
</testsuite>
