<?xml version="1.0" encoding="UTF-8"?>
<!-- Generated by org.testng.reporters.JUnitReportReporter -->
<testsuite hostname="Martin-Schneiders-MacBook-Air.local" name="at.basketballsalzburg.bbstats.AgeGroupServiceTest" tests="1" failures="0" timestamp="10 Dec 2011 14:13:37 GMT" time="0.386" errors="0">
  <testcase name="addAgeGroup" time="0.386" classname="at.basketballsalzburg.bbstats.AgeGroupServiceTest"/>
</testsuite>
